[debug] [2021-03-14T19:44:21.676Z] ----------------------------------------------------------------------
[debug] [2021-03-14T19:44:21.678Z] Command:       C:\Program Files\nodejs\node.exe C:\Users\TUF GAMING\AppData\Roaming\npm\node_modules\firebase-tools\lib\bin\firebase.js init
[debug] [2021-03-14T19:44:21.679Z] CLI Version:   9.4.0
[debug] [2021-03-14T19:44:21.679Z] Platform:      win32
[debug] [2021-03-14T19:44:21.679Z] Node Version:  v14.15.4
[debug] [2021-03-14T19:44:21.680Z] Time:          Mon Mar 15 2021 02:44:21 GMT+0700 (Indochina Time)
[debug] [2021-03-14T19:44:21.680Z] ----------------------------------------------------------------------
[debug] [2021-03-14T19:44:21.680Z] 
[debug] [2021-03-14T19:44:21.683Z] >>> [apiv2][query] GET https://firebase-public.firebaseio.com/cli.json [none]
[debug] [2021-03-14T19:44:21.705Z] > command requires scopes: ["email","openid","https://www.googleapis.com/auth/cloudplatformprojects.readonly","https://www.googleapis.com/auth/firebase","https://www.googleapis.com/auth/cloud-platform"]
[debug] [2021-03-14T19:44:21.706Z] > authorizing via signed-in user
[info] 
     ######## #### ########  ######## ########     ###     ######  ########
     ##        ##  ##     ## ##       ##     ##  ##   ##  ##       ##
     ######    ##  ########  ######   ########  #########  ######  ######
     ##        ##  ##    ##  ##       ##     ## ##     ##       ## ##
     ##       #### ##     ## ######## ########  ##     ##  ######  ########

You're about to initialize a Firebase project in this directory:

  D:\Lab\Anime Guy

Before we get started, keep in mind:

  * You are initializing in an existing Firebase project directory

[debug] [2021-03-14T19:44:22.492Z] <<< [apiv2][status] GET https://firebase-public.firebaseio.com/cli.json 200
[debug] [2021-03-14T19:44:22.492Z] <<< [apiv2][body] GET https://firebase-public.firebaseio.com/cli.json {"cloudBuildErrorAfter":1594252800000,"cloudBuildWarnAfter":1590019200000,"defaultNode10After":1594252800000,"minVersion":"3.0.5","node8DeploysDisabledAfter":1613390400000,"node8RuntimeDisabledAfter":1615809600000,"node8WarnAfter":1600128000000}
